This is pdfTeX, Version 3.14159265-2.6-1.40.17 (MiKTeX 2.9) (preloaded format=pdflatex 2016.9.10)  31 MAY 2017 16:24
entering extended mode
**./Report.tex
(Report.tex
LaTeX2e <2016/03/31> patch level 3
Babel <3.9r> and hyphenation patterns for 75 language(s) loaded.
("C:\Program Files (x86)\MiKTeX 2.9\tex\latex\base\report.cls"
Document Class: report 2014/09/29 v1.4h Standard LaTeX document class
("C:\Program Files (x86)\MiKTeX 2.9\tex\latex\base\size12.clo"
File: size12.clo 2014/09/29 v1.4h Standard LaTeX file (size option)
)
\c@part=\count79
\c@chapter=\count80
\c@section=\count81
\c@subsection=\count82
\c@subsubsection=\count83
\c@paragraph=\count84
\c@subparagraph=\count85
\c@figure=\count86
\c@table=\count87
\abovecaptionskip=\skip41
\belowcaptionskip=\skip42
\bibindent=\dimen102
)
("C:\Program Files (x86)\MiKTeX 2.9\tex\latex\graphics\graphicx.sty"
Package: graphicx 2014/10/28 v1.0g Enhanced LaTeX Graphics (DPC,SPQR)

("C:\Program Files (x86)\MiKTeX 2.9\tex\latex\graphics\keyval.sty"
Package: keyval 2014/10/28 v1.15 key=value parser (DPC)
\KV@toks@=\toks14
)
("C:\Program Files (x86)\MiKTeX 2.9\tex\latex\graphics\graphics.sty"
Package: graphics 2016/07/10 v1.0t Standard LaTeX Graphics (DPC,SPQR)

("C:\Program Files (x86)\MiKTeX 2.9\tex\latex\graphics\trig.sty"
Package: trig 2016/01/03 v1.10 sin cos tan (DPC)
)
("C:\Program Files (x86)\MiKTeX 2.9\tex\latex\00miktex\graphics.cfg"
File: graphics.cfg 2016/06/04 v1.11 sample graphics configuration
)
Package graphics Info: Driver file: pdftex.def on input line 99.

("C:\Program Files (x86)\MiKTeX 2.9\tex\latex\graphics-def\pdftex.def"
File: pdftex.def 2016/07/10 v0.06j Graphics/color for pdfTeX

("C:\Program Files (x86)\MiKTeX 2.9\tex\generic\oberdiek\infwarerr.sty"
Package: infwarerr 2016/05/16 v1.4 Providing info/warning/error messages (HO)
)
("C:\Program Files (x86)\MiKTeX 2.9\tex\generic\oberdiek\ltxcmds.sty"
Package: ltxcmds 2016/05/16 v1.23 LaTeX kernel commands for general use (HO)
)
\Gread@gobject=\count88
))
\Gin@req@height=\dimen103
\Gin@req@width=\dimen104
)
No file Report.aux.
\openout1 = `Report.aux'.

LaTeX Font Info:    Checking defaults for OML/cmm/m/it on input line 9.
LaTeX Font Info:    ... okay on input line 9.
LaTeX Font Info:    Checking defaults for T1/cmr/m/n on input line 9.
LaTeX Font Info:    ... okay on input line 9.
LaTeX Font Info:    Checking defaults for OT1/cmr/m/n on input line 9.
LaTeX Font Info:    ... okay on input line 9.
LaTeX Font Info:    Checking defaults for OMS/cmsy/m/n on input line 9.
LaTeX Font Info:    ... okay on input line 9.
LaTeX Font Info:    Checking defaults for OMX/cmex/m/n on input line 9.
LaTeX Font Info:    ... okay on input line 9.
LaTeX Font Info:    Checking defaults for U/cmr/m/n on input line 9.
LaTeX Font Info:    ... okay on input line 9.
("C:\Program Files (x86)\MiKTeX 2.9\tex\context\base\supp-pdf.mkii"
[Loading MPS to PDF converter (version 2006.09.02).]
\scratchcounter=\count89
\scratchdimen=\dimen105
\scratchbox=\box26
\nofMPsegments=\count90
\nofMParguments=\count91
\everyMPshowfont=\toks15
\MPscratchCnt=\count92
\MPscratchDim=\dimen106
\MPnumerator=\count93
\makeMPintoPDFobject=\count94
\everyMPtoPDFconversion=\toks16
) ("C:\Program Files (x86)\MiKTeX 2.9\tex\generic\oberdiek\pdftexcmds.sty"
Package: pdftexcmds 2016/05/21 v0.22 Utility functions of pdfTeX for LuaTeX (HO
)

("C:\Program Files (x86)\MiKTeX 2.9\tex\generic\oberdiek\ifluatex.sty"
Package: ifluatex 2016/05/16 v1.4 Provides the ifluatex switch (HO)
Package ifluatex Info: LuaTeX not detected.
)
("C:\Program Files (x86)\MiKTeX 2.9\tex\generic\oberdiek\ifpdf.sty"
Package: ifpdf 2016/05/14 v3.1 Provides the ifpdf switch
)
Package pdftexcmds Info: LuaTeX not detected.
Package pdftexcmds Info: \pdf@primitive is available.
Package pdftexcmds Info: \pdf@ifprimitive is available.
Package pdftexcmds Info: \pdfdraftmode found.
)
("C:\Program Files (x86)\MiKTeX 2.9\tex\latex\oberdiek\epstopdf-base.sty"
Package: epstopdf-base 2016/05/15 v2.6 Base part for package epstopdf

("C:\Program Files (x86)\MiKTeX 2.9\tex\latex\oberdiek\grfext.sty"
Package: grfext 2016/05/16 v1.2 Manage graphics extensions (HO)

("C:\Program Files (x86)\MiKTeX 2.9\tex\generic\oberdiek\kvdefinekeys.sty"
Package: kvdefinekeys 2016/05/16 v1.4 Define keys (HO)
))
("C:\Program Files (x86)\MiKTeX 2.9\tex\latex\oberdiek\kvoptions.sty"
Package: kvoptions 2016/05/16 v3.12 Key value format for package options (HO)

("C:\Program Files (x86)\MiKTeX 2.9\tex\generic\oberdiek\kvsetkeys.sty"
Package: kvsetkeys 2016/05/16 v1.17 Key value parser (HO)

("C:\Program Files (x86)\MiKTeX 2.9\tex\generic\oberdiek\etexcmds.sty"
Package: etexcmds 2016/05/16 v1.6 Avoid name clashes with e-TeX commands (HO)
Package etexcmds Info: Could not find \expanded.
(etexcmds)             That can mean that you are not using pdfTeX 1.50 or
(etexcmds)             that some package has redefined \expanded.
(etexcmds)             In the latter case, load this package earlier.
)))
Package epstopdf-base Info: Redefining graphics rule for `.eps' on input line 4
38.
Package grfext Info: Graphics extension search list:
(grfext)             [.png,.pdf,.jpg,.mps,.jpeg,.jbig2,.jb2,.PNG,.PDF,.JPG,.JPE
G,.JBIG2,.JB2,.eps]
(grfext)             \AppendGraphicsExtensions on input line 456.
)
<skylark.png, id=1, 200.75pt x 200.75pt>
File: skylark.png Graphic file (type png)
 <use skylark.png>
Package pdftex.def Info: skylark.png used on input line 12.
(pdftex.def)             Requested size: 195.0pt x 195.01213pt.
 [1

{C:/ProgramData/MiKTeX/2.9/pdftex/config/pdftex.map} <./skylark.png (PNG copy)>
]
No file Report.toc.
\tf@toc=\write3
\openout3 = `Report.toc'.

[1

]
Chapter 1.
LaTeX Font Info:    Try loading font information for OMS+cmr on input line 29.
("C:\Program Files (x86)\MiKTeX 2.9\tex\latex\base\omscmr.fd"
File: omscmr.fd 2014/09/29 v2.5h Standard LaTeX font definitions
)
LaTeX Font Info:    Font shape `OMS/cmr/m/n' in size <12> not available
(Font)              Font shape `OMS/cmsy/m/n' tried instead on input line 29.
 [2

]
Chapter 2.
<Present_System.jpg, id=17, 2770.35pt x 1961.3275pt>
File: Present_System.jpg Graphic file (type jpg)
 <use Present_System.jpg>
Package pdftex.def Info: Present_System.jpg used on input line 38.
(pdftex.def)             Requested size: 390.0pt x 276.11028pt.

<Present_Unautomated_System.jpg, id=18, 2770.35pt x 1961.3275pt>
File: Present_Unautomated_System.jpg Graphic file (type jpg)

<use Present_Unautomated_System.jpg>
Package pdftex.def Info: Present_Unautomated_System.jpg used on input line 49.
(pdftex.def)             Requested size: 390.0pt x 276.11028pt.

Underfull \hbox (badness 10000) in paragraph at lines 43--52

 []


Underfull \hbox (badness 10000) in paragraph at lines 43--52

 []


Underfull \hbox (badness 10000) in paragraph at lines 43--52

 []


Underfull \hbox (badness 10000) in paragraph at lines 43--52

 []

[3

 <./Present_System.jpg>] [4 <./Present_Unautomated_System.jpg>]
Chapter 3.
<pixhawk2vs1.jpg, id=25, 976.64874pt x 615.29875pt>
File: pixhawk2vs1.jpg Graphic file (type jpg)
 <use pixhawk2vs1.jpg>
Package pdftex.def Info: pixhawk2vs1.jpg used on input line 61.
(pdftex.def)             Requested size: 390.0pt x 245.70203pt.

Overfull \hbox (36.22879pt too wide) in paragraph at lines 60--62
\OT1/cmr/m/n/12 chart:- [] 
 []

[5

 <./pixhawk2vs1.jpg>] [6]
Chapter 4.
Missing character: There is no √ in font cmr12!
Missing character: There is no ó in font cmr12!
Missing character: There is no √ in font cmr12!
Missing character: There is no ó in font cmr12!
[7

]
Missing character: There is no Œ in font cmr12!
Missing character: There is no º in font cmr12!
Missing character: There is no ‚ in font cmr12!
Missing character: There is no Ä in font cmr12!
Missing character: There is no ô in font cmr12!
 [8] [9]
Chapter 5.
<Camera.jpg, id=42, 1027.84pt x 646.415pt>
File: Camera.jpg Graphic file (type jpg)
 <use Camera.jpg>
Package pdftex.def Info: Camera.jpg used on input line 135.
(pdftex.def)             Requested size: 390.0pt x 245.2753pt.
LaTeX Font Info:    External font `cmex10' loaded for size
(Font)              <12> on input line 137.
LaTeX Font Info:    External font `cmex10' loaded for size
(Font)              <8> on input line 137.
LaTeX Font Info:    External font `cmex10' loaded for size
(Font)              <6> on input line 137.

Underfull \hbox (badness 10000) in paragraph at lines 135--139

 []

[10

 <./Camera.jpg>]
Underfull \hbox (badness 10000) in paragraph at lines 140--462

 []


Underfull \hbox (badness 10000) in paragraph at lines 140--462

 []


Underfull \hbox (badness 10000) in paragraph at lines 140--462

 []


Underfull \hbox (badness 10000) in paragraph at lines 140--462

 []


Underfull \hbox (badness 10000) in paragraph at lines 140--462

 []


Underfull \hbox (badness 10000) in paragraph at lines 140--462

 []


Underfull \hbox (badness 10000) in paragraph at lines 140--462

 []


Underfull \hbox (badness 10000) in paragraph at lines 140--462

 []


Underfull \hbox (badness 10000) in paragraph at lines 140--462

 []


Underfull \hbox (badness 10000) in paragraph at lines 140--462

 []

[11] [12] [13] [14] [15] <Camera_USB.jpg, id=63, 4175.6pt x 3131.7pt>
File: Camera_USB.jpg Graphic file (type jpg)

<use Camera_USB.jpg>
Package pdftex.def Info: Camera_USB.jpg used on input line 467.
(pdftex.def)             Requested size: 390.0pt x 292.49709pt.

Underfull \hbox (badness 10000) in paragraph at lines 464--473

 []


Underfull \hbox (badness 10000) in paragraph at lines 464--473

 []


Underfull \hbox (badness 10000) in paragraph at lines 464--473

 []

[16 <./Camera_USB.jpg>] [17]
Chapter 6.
Missing character: There is no ‚ in font cmr12!
Missing character: There is no Ä in font cmr12!
Missing character: There is no ì in font cmr12!
[18

]
Underfull \hbox (badness 10000) in paragraph at lines 488--498

 []


Underfull \hbox (badness 10000) in paragraph at lines 488--498

 []


Underfull \hbox (badness 10000) in paragraph at lines 488--498

 []


Overfull \hbox (48.42522pt too wide) in paragraph at lines 637--637
[]\OT1/cmtt/m/n/12 # This block of code gets the latest file and stores it in t
he location[] 
 []

[19]
Overfull \hbox (48.42522pt too wide) in paragraph at lines 637--637
[]\OT1/cmtt/m/n/12 # The method is to bypass RSA SSH DNA key so the 2nd line do
es Auto Add[] 
 []


Overfull \hbox (48.42522pt too wide) in paragraph at lines 637--637
[]\OT1/cmtt/m/n/12 client.connect('192.168.3.145', username='root', password='e
mlidreach')[] 
 []


Overfull \hbox (48.42522pt too wide) in paragraph at lines 637--637
[]\OT1/cmtt/m/n/12 #Initialization of lists that are essential for finding the 
latest file[] 
 []


Overfull \hbox (54.60022pt too wide) in paragraph at lines 637--637
[]\OT1/cmtt/m/n/12 # We get file list of logs, print it as well as store it in 
the list sam[] 
 []

[20]
Overfull \hbox (23.7252pt too wide) in paragraph at lines 637--637
[]\OT1/cmtt/m/n/12 # We filter to get the name of all raw files from sam and pr
int all[] 
 []


Overfull \hbox (5.2002pt too wide) in paragraph at lines 637--637
[]\OT1/cmtt/m/n/12 # dt is a string list and we make it integer while printing 
them[] 
 []

[21] [22] [23]
Chapter 7.
<Alternative_Solution1.jpg, id=90, 3525.17pt x 1936.23375pt>
File: Alternative_Solution1.jpg Graphic file (type jpg)

<use Alternative_Solution1.jpg>
Package pdftex.def Info: Alternative_Solution1.jpg used on input line 641.
(pdftex.def)             Requested size: 390.0pt x 214.1977pt.
 [24

 <./Alternative_Solution1.jpg>]
<Alternative_Solution2.jpg, id=95, 3525.17pt x 1936.23375pt>
File: Alternative_Solution2.jpg Graphic file (type jpg)

<use Alternative_Solution2.jpg>
Package pdftex.def Info: Alternative_Solution2.jpg used on input line 649.
(pdftex.def)             Requested size: 390.0pt x 214.1977pt.

<Alternative_Solution3.jpg, id=96, 3525.17pt x 1936.23375pt>
File: Alternative_Solution3.jpg Graphic file (type jpg)

<use Alternative_Solution3.jpg>
Package pdftex.def Info: Alternative_Solution3.jpg used on input line 658.
(pdftex.def)             Requested size: 390.0pt x 214.1977pt.
 [25 <./Alternative_Solution2.jpg>]
<Alternative_Solution4.jpg, id=100, 3525.17pt x 1936.23375pt>
File: Alternative_Solution4.jpg Graphic file (type jpg)

<use Alternative_Solution4.jpg>
Package pdftex.def Info: Alternative_Solution4.jpg used on input line 667.
(pdftex.def)             Requested size: 390.0pt x 214.1977pt.
 [26 <./Alternative_Solution3.jpg>]
<Alternative_Solution_b.jpg, id=104, 3525.17pt x 2018.54124pt>
File: Alternative_Solution_b.jpg Graphic file (type jpg)

<use Alternative_Solution_b.jpg>
Package pdftex.def Info: Alternative_Solution_b.jpg used on input line 676.
(pdftex.def)             Requested size: 390.0pt x 223.30304pt.
 [27 <./Alternative_Solution4.jpg>]
File: Alternative_Solution1.jpg Graphic file (type jpg)

<use Alternative_Solution1.jpg>
Package pdftex.def Info: Alternative_Solution1.jpg used on input line 685.
(pdftex.def)             Requested size: 390.0pt x 214.1977pt.
 [28 <./Alternative_Solution_b.jpg>] [29]
Chapter 8.
Missing character: There is no ‚ in font cmr12!
Missing character: There is no Ä in font cmr12!
Missing character: There is no ú in font cmr12!
Missing character: There is no ‚ in font cmr12!
Missing character: There is no Ä in font cmr12!
Missing character: There is no ù in font cmr12!
Missing character: There is no ‚ in font cmr12!
Missing character: There is no Ä in font cmr12!
Missing character: There is no ú in font cmr12!
Missing character: There is no ‚ in font cmr12!
Missing character: There is no Ä in font cmr12!
Missing character: There is no ù in font cmr12!
Missing character: There is no ‚ in font cmr12!
Missing character: There is no Ä in font cmr12!
Missing character: There is no ú in font cmr12!
Missing character: There is no ‚ in font cmr12!
Missing character: There is no Ä in font cmr12!
Missing character: There is no ù in font cmr12!
Missing character: There is no ‚ in font cmr12!
Missing character: There is no Ä in font cmr12!
Missing character: There is no ú in font cmr12!
Missing character: There is no ‚ in font cmr12!
Missing character: There is no Ä in font cmr12!
Missing character: There is no ù in font cmr12!
Missing character: There is no ‚ in font cmr12!
Missing character: There is no Ä in font cmr12!
Missing character: There is no ô in font cmr12!
Missing character: There is no ‚ in font cmr12!
Missing character: There is no Ä in font cmr12!
Missing character: There is no ô in font cmr12!
[30

]
Overfull \hbox (7.74033pt too wide) in paragraph at lines 724--726
\OT1/cmr/m/n/12 (http://www.instructables.com/id/Getting-Started-With-OpenCV-an
d-
 []


Overfull \hbox (7.69449pt too wide) in paragraph at lines 735--739
\OT1/cmr/m/n/12 mavlink com-mu-ni-ca-tions Wifi / Blue-tooth con-nec-tion for c
on-trol, teleme-
 []

[31]
Overfull \hbox (10.67084pt too wide) in paragraph at lines 749--752
\OT1/cmr/m/n/12 us/articles/opencv-300-beta-ipp-tbb-enabled-on-yocto-with-intel
-edison/ 
 []


Overfull \hbox (10.2403pt too wide) in paragraph at lines 753--754
[]\OT1/cmr/m/n/12 Follow this to take Im-ages : https://communities.intel.com/t
hread/87420
 []


Overfull \hbox (5.07925pt too wide) in paragraph at lines 753--754
\OT1/cmr/m/n/12 or http://www.instructables.com/id/Intel-Edison-Takes-Pictures-
From-
 []


Overfull \hbox (30.70544pt too wide) in paragraph at lines 766--767
[]\OT1/cmr/m/n/12 A web-page to ad-ver-tise our ser-vices: https://www.dronesde
n.com/dronehire/ 
 []

Missing character: There is no ‚ in font cmr12!
Missing character: There is no Ä in font cmr12!
Missing character: There is no ì in font cmr12!
[32] [33]
Chapter 9.
LaTeX Font Info:    External font `cmex10' loaded for size
(Font)              <7> on input line 788.
LaTeX Font Info:    External font `cmex10' loaded for size
(Font)              <5> on input line 788.
[34

] (Report.aux) ) 
Here is how much of TeX's memory you used:
 1589 strings out of 493334
 23141 string characters out of 3136666
 91704 words of memory out of 3000000
 5115 multiletter control sequences out of 15000+200000
 9959 words of font info for 35 fonts, out of 3000000 for 9000
 1141 hyphenation exceptions out of 8191
 40i,8n,25p,666b,242s stack positions out of 5000i,500n,10000p,200000b,50000s
<C:/Program Files (x86)/MiKTeX 2.9/fonts/type1/public/amsfonts/
cm/cmbx12.pfb><C:/Program Files (x86)/MiKTeX 2.9/fonts/type1/public/amsfonts/cm
/cmcsc10.pfb><C:/Program Files (x86)/MiKTeX 2.9/fonts/type1/public/amsfonts/cm/
cmmi12.pfb><C:/Program Files (x86)/MiKTeX 2.9/fonts/type1/public/amsfonts/cm/cm
r10.pfb><C:/Program Files (x86)/MiKTeX 2.9/fonts/type1/public/amsfonts/cm/cmr12
.pfb><C:/Program Files (x86)/MiKTeX 2.9/fonts/type1/public/amsfonts/cm/cmr7.pfb
><C:/Program Files (x86)/MiKTeX 2.9/fonts/type1/public/amsfonts/cm/cmr8.pfb><C:
/Program Files (x86)/MiKTeX 2.9/fonts/type1/public/amsfonts/cm/cmsy10.pfb><C:/P
rogram Files (x86)/MiKTeX 2.9/fonts/type1/public/amsfonts/cm/cmti12.pfb><C:/Pro
gram Files (x86)/MiKTeX 2.9/fonts/type1/public/amsfonts/cm/cmtt12.pfb>
Output written on Report.pdf (35 pages, 3833988 bytes).
PDF statistics:
 165 PDF objects out of 1000 (max. 8388607)
 0 named destinations out of 1000 (max. 500000)
 56 words of extra memory for PDF output out of 10000 (max. 10000000)

